INFO:root:Creating service
DEBUG:root:Asking to http://10.7.49.163:4041/iot/services
DEBUG:root:Headers:
DEBUG:root:{
    "X-Auth-Token": "NULL",
    "Fiware-Service": "StelaService",
    "Fiware-ServicePath": "/stela",
    "Content-Type": "application/json"
}
DEBUG:root:Sending payload:
DEBUG:root:{
    "services": [
        {
            "protocol": [
                "IoTA-UL"
            ],
            "apikey": "3495337a8b9b11e7830060f81db4b630",
            "token": "token2",
            "cbroker": "http://10.7.49.163:1026",
            "entity_type": "thing",
            "resource": "/iot/d"
        }
    ]
}
DEBUG:requests.packages.urllib3.connectionpool:Starting new HTTP connection (1): 10.7.49.163
DEBUG:requests.packages.urllib3.connectionpool:http://10.7.49.163:4041 "POST /iot/services HTTP/1.1" 201 2
DEBUG:root:Status Code: 201
DEBUG:root:Response: 
DEBUG:root:{}
INFO:root:Getting entities by type '<class 'type'>'
DEBUG:root:Asking to http://10.7.49.163:1026/v2/entities?type=thing
DEBUG:root:Headers:
DEBUG:root:{
    "X-Auth-Token": "NULL",
    "Fiware-Service": "StelaService",
    "Fiware-ServicePath": "/stela"
}
DEBUG:requests.packages.urllib3.connectionpool:Starting new HTTP connection (1): 10.7.49.163
DEBUG:requests.packages.urllib3.connectionpool:http://10.7.49.163:1026 "GET /v2/entities?type=thing HTTP/1.1" 200 2
DEBUG:root:Status Code: 200
DEBUG:root:Response: 
DEBUG:root:[]
INFO:root:Listing devices
DEBUG:root:Asking to http://10.7.49.163:4041/iot/devices
DEBUG:root:Headers:
DEBUG:root:{
    "X-Auth-Token": "NULL",
    "Fiware-Service": "StelaService",
    "Fiware-ServicePath": "/stela",
    "Content-Type": "application/json"
}
DEBUG:requests.packages.urllib3.connectionpool:Starting new HTTP connection (1): 10.7.49.163
DEBUG:requests.packages.urllib3.connectionpool:http://10.7.49.163:4041 "GET /iot/devices HTTP/1.1" 200 24
DEBUG:root:Status Code: 200
DEBUG:root:Response: 
DEBUG:root:{
    "count": 0,
    "devices": []
}
INFO:root:Registering device
INFO:root:Opening file '../devices/DHT.json'
DEBUG:root:Asking to http://10.7.49.163:4041/iot/devices?protocol=IoTA-UL
DEBUG:root:Headers:
DEBUG:root:{
    "X-Auth-Token": "NULL",
    "Fiware-Service": "StelaService",
    "Fiware-ServicePath": "/stela",
    "Content-Type": "application/json"
}
DEBUG:root:Sending payload:
DEBUG:root:{
    "devices": [
        {
            "device_id": "STELA_DHT",
            "entity_name": "DHT001",
            "entity_type": "thing",
            "timezone": "America/Fortaleza",
            "transport": "MQTT",
            "attributes": [
                {
                    "object_id": "h",
                    "name": "humidity",
                    "type": "float"
                },
                {
                    "object_id": "t",
                    "name": "temperature",
                    "type": "float"
                }
            ],
            "static_attributes": [
                {
                    "name": "id",
                    "type": "string",
                    "value": "STELA_DHT"
                }
            ]
        }
    ]
}
DEBUG:requests.packages.urllib3.connectionpool:Starting new HTTP connection (1): 10.7.49.163
DEBUG:requests.packages.urllib3.connectionpool:http://10.7.49.163:4041 "POST /iot/devices?protocol=IoTA-UL HTTP/1.1" 201 2
DEBUG:root:Status Code: 201
DEBUG:root:Response: 
DEBUG:root:{}
INFO:root:Registering device
INFO:root:Opening file '../devices/LED.json'
DEBUG:root:Asking to http://10.7.49.163:4041/iot/devices?protocol=IoTA-UL
DEBUG:root:Headers:
DEBUG:root:{
    "X-Auth-Token": "NULL",
    "Fiware-Service": "StelaService",
    "Fiware-ServicePath": "/stela",
    "Content-Type": "application/json"
}
DEBUG:root:Sending payload:
DEBUG:root:{
    "devices": [
        {
            "device_id": "STELA_LED",
            "entity_name": "LED001",
            "entity_type": "thing",
            "timezone": "America/Fortaleza",
            "transport": "MQTT",
            "attributes": [
                {
                    "object_id": "s",
                    "name": "state",
                    "type": "int"
                }
            ],
            "commands": [
                {
                    "name": "change_state",
                    "type": "command",
                    "value": "STELA_LED@change_state|%s"
                }
            ],
            "static_attributes": [
                {
                    "name": "id",
                    "type": "string",
                    "value": "STELA_LED"
                }
            ]
        }
    ]
}
DEBUG:requests.packages.urllib3.connectionpool:Starting new HTTP connection (1): 10.7.49.163
DEBUG:requests.packages.urllib3.connectionpool:http://10.7.49.163:4041 "POST /iot/devices?protocol=IoTA-UL HTTP/1.1" 201 2
DEBUG:root:Status Code: 201
DEBUG:root:Response: 
DEBUG:root:{}
INFO:root:Getting entities by type '<class 'type'>'
DEBUG:root:Asking to http://10.7.49.163:1026/v2/entities?type=thing
DEBUG:root:Headers:
DEBUG:root:{
    "X-Auth-Token": "NULL",
    "Fiware-Service": "StelaService",
    "Fiware-ServicePath": "/stela"
}
DEBUG:requests.packages.urllib3.connectionpool:Starting new HTTP connection (1): 10.7.49.163
DEBUG:requests.packages.urllib3.connectionpool:http://10.7.49.163:1026 "GET /v2/entities?type=thing HTTP/1.1" 200 491
DEBUG:root:Status Code: 200
DEBUG:root:Response: 
DEBUG:root:[
    {
        "id": "DHT001",
        "type": "thing",
        "TimeInstant": {
            "type": "ISO8601",
            "value": " ",
            "metadata": {}
        },
        "humidity": {
            "type": "float",
            "value": " ",
            "metadata": {}
        },
        "temperature": {
            "type": "float",
            "value": " ",
            "metadata": {}
        }
    },
    {
        "id": "LED001",
        "type": "thing",
        "TimeInstant": {
            "type": "ISO8601",
            "value": " ",
            "metadata": {}
        },
        "change_state_info": {
            "type": "commandResult",
            "value": " ",
            "metadata": {}
        },
        "change_state_status": {
            "type": "commandStatus",
            "value": "UNKNOWN",
            "metadata": {}
        },
        "state": {
            "type": "int",
            "value": " ",
            "metadata": {}
        }
    }
]
INFO:root:Getting entity by id 'DHT001'
DEBUG:root:Asking to http://10.7.49.163:1026/v2/entities/DHT001/attrs?type=thing
DEBUG:root:Headers:
DEBUG:root:{
    "X-Auth-Token": "NULL",
    "Fiware-Service": "StelaService",
    "Fiware-ServicePath": "/stela"
}
DEBUG:requests.packages.urllib3.connectionpool:Starting new HTTP connection (1): 10.7.49.163
DEBUG:requests.packages.urllib3.connectionpool:http://10.7.49.163:1026 "GET /v2/entities/DHT001/attrs?type=thing HTTP/1.1" 200 171
DEBUG:root:Status Code: 200
DEBUG:root:Response: 
DEBUG:root:{
    "TimeInstant": {
        "type": "ISO8601",
        "value": " ",
        "metadata": {}
    },
    "humidity": {
        "type": "float",
        "value": " ",
        "metadata": {}
    },
    "temperature": {
        "type": "float",
        "value": " ",
        "metadata": {}
    }
}
INFO:root:Getting entity by id 'LEd001'
DEBUG:root:Asking to http://10.7.49.163:1026/v2/entities/LEd001/attrs?type=thing
DEBUG:root:Headers:
DEBUG:root:{
    "X-Auth-Token": "NULL",
    "Fiware-Service": "StelaService",
    "Fiware-ServicePath": "/stela"
}
DEBUG:requests.packages.urllib3.connectionpool:Starting new HTTP connection (1): 10.7.49.163
DEBUG:requests.packages.urllib3.connectionpool:http://10.7.49.163:1026 "GET /v2/entities/LEd001/attrs?type=thing HTTP/1.1" 404 95
DEBUG:root:Status Code: 404
DEBUG:root:Response: 
DEBUG:root:{
    "error": "NotFound",
    "description": "The requested entity has not been found. Check type and id"
}
INFO:root:Getting entity by id 'LED001'
DEBUG:root:Asking to http://10.7.49.163:1026/v2/entities/LED001/attrs?type=thing
DEBUG:root:Headers:
DEBUG:root:{
    "X-Auth-Token": "NULL",
    "Fiware-Service": "StelaService",
    "Fiware-ServicePath": "/stela"
}
DEBUG:requests.packages.urllib3.connectionpool:Starting new HTTP connection (1): 10.7.49.163
DEBUG:requests.packages.urllib3.connectionpool:http://10.7.49.163:1026 "GET /v2/entities/LED001/attrs?type=thing HTTP/1.1" 200 259
DEBUG:root:Status Code: 200
DEBUG:root:Response: 
DEBUG:root:{
    "TimeInstant": {
        "type": "ISO8601",
        "value": " ",
        "metadata": {}
    },
    "change_state_info": {
        "type": "commandResult",
        "value": " ",
        "metadata": {}
    },
    "change_state_status": {
        "type": "commandStatus",
        "value": "UNKNOWN",
        "metadata": {}
    },
    "state": {
        "type": "int",
        "value": " ",
        "metadata": {}
    }
}
INFO:root:Subscribing Cygnus
INFO:root:Subscribing for change on attributes '['temperature', 'humidity']' on device with id 'DHT001'
DEBUG:root:Asking to http://10.7.49.163:1026/v1/subscribeContext
DEBUG:root:Headers:
DEBUG:root:{
    "X-Auth-Token": "NULL",
    "Fiware-Service": "StelaService",
    "Fiware-ServicePath": "/stela",
    "Accept": "application/json",
    "Content-Type": "application/json"
}
DEBUG:root:Sending payload:
DEBUG:root:{
    "entities": [
        {
            "type": "thing",
            "isPattern": "false",
            "id": "DHT001"
        }
    ],
    "attributes": [
        "temperature",
        "humidity"
    ],
    "notifyConditions": [
        {
            "type": "ONCHANGE",
            "condValues": [
                "temperature",
                "humidity"
            ]
        }
    ],
    "reference": "http://10.7.49.164:5050/notify",
    "duration": "P1Y",
    "throttling": "PT1S"
}
DEBUG:requests.packages.urllib3.connectionpool:Starting new HTTP connection (1): 10.7.49.163
DEBUG:requests.packages.urllib3.connectionpool:http://10.7.49.163:1026 "POST /v1/subscribeContext HTTP/1.1" 200 135
DEBUG:root:Status Code: 200
DEBUG:root:Response: 
DEBUG:root:{
    "subscribeResponse": {
        "subscriptionId": "59a3856b533f17821e6744b7",
        "duration": "P1Y",
        "throttling": "PT1S"
    }
}
INFO:root:Subscribing to historical data
INFO:root:Subscribing for change on attributes '['temperature', 'humidity']' on device with id 'DHT001'
DEBUG:root:Asking to http://10.7.49.163:1026/v1/subscribeContext
DEBUG:root:Headers:
DEBUG:root:{
    "X-Auth-Token": "NULL",
    "Fiware-Service": "StelaService",
    "Fiware-ServicePath": "/stela",
    "Accept": "application/json",
    "Content-Type": "application/json"
}
DEBUG:root:Sending payload:
DEBUG:root:{
    "entities": [
        {
            "type": "thing",
            "isPattern": "false",
            "id": "DHT001"
        }
    ],
    "attributes": [
        "temperature",
        "humidity"
    ],
    "notifyConditions": [
        {
            "type": "ONCHANGE",
            "condValues": [
                "temperature",
                "humidity"
            ]
        }
    ],
    "reference": "http://10.7.49.164:8666/notify",
    "duration": "P1Y",
    "throttling": "PT1S"
}
DEBUG:requests.packages.urllib3.connectionpool:Starting new HTTP connection (1): 10.7.49.163
DEBUG:requests.packages.urllib3.connectionpool:http://10.7.49.163:1026 "POST /v1/subscribeContext HTTP/1.1" 200 135
DEBUG:root:Status Code: 200
DEBUG:root:Response: 
DEBUG:root:{
    "subscribeResponse": {
        "subscriptionId": "59a38592533f17821e6744b8",
        "duration": "P1Y",
        "throttling": "PT1S"
    }
}
INFO:root:Sending observation
ERROR:root:Unknown transport protocol 'mqtt'
INFO:root:Sending observation
INFO:root:Transport protocol: MQTT
INFO:root:Publishing to 10.7.49.163 on topic /3495337a8b9b11e7830060f81db4b630/STELA_DHT/attrs
INFO:root:Sending payload: 
INFO:root:t|24.5|h|57.8
INFO:root:Sending observation
INFO:root:Transport protocol: MQTT
INFO:root:Publishing to 10.7.49.163 on topic /3495337a8b9b11e7830060f81db4b630/STELA_DHT/attrs
INFO:root:Sending payload: 
INFO:root:t|24.5|h|57.8
INFO:root:Sending observation
INFO:root:Transport protocol: UL-HTTP
DEBUG:root:Asking to http://10.7.49.163:7896/iot/d?k=3495337a8b9b11e7830060f81db4b630&i=STELA_DHT
DEBUG:root:Headers:
DEBUG:root:{
    "X-Auth-Token": "NULL",
    "Fiware-Service": "StelaService",
    "Fiware-ServicePath": "/stela",
    "Content-Type": "text/plain"
}
DEBUG:root:Sending payload:
DEBUG:root:t|24.5|h|57.8
DEBUG:requests.packages.urllib3.connectionpool:Starting new HTTP connection (1): 10.7.49.163
DEBUG:requests.packages.urllib3.connectionpool:http://10.7.49.163:7896 "POST /iot/d?k=3495337a8b9b11e7830060f81db4b630&i=STELA_DHT HTTP/1.1" 200 0
DEBUG:root:Status Code: 200
DEBUG:root:Response: 
DEBUG:root:{}
INFO:root:Getting historical data
DEBUG:root:Asking to http://10.7.49.164:8666/STH/v1/contextEntities/type/thing/id/DHT001/attributes/temperature?lastN=10
DEBUG:root:Headers:
DEBUG:root:{
    "X-Auth-Token": "NULL",
    "Fiware-Service": "stelaservice",
    "Fiware-ServicePath": "/stela",
    "Accept": "application/json"
}
DEBUG:requests.packages.urllib3.connectionpool:Starting new HTTP connection (1): 10.7.49.164
DEBUG:requests.packages.urllib3.connectionpool:http://10.7.49.164:8666 "GET /STH/v1/contextEntities/type/thing/id/DHT001/attributes/temperature?lastN=10 HTTP/1.1" 200 None
DEBUG:root:Status Code: 200
DEBUG:root:Response: 
DEBUG:root:{
    "contextResponses": [
        {
            "contextElement": {
                "attributes": [
                    {
                        "name": "temperature",
                        "values": [
                            {
                                "recvTime": "2017-08-28T02:56:38.122Z",
                                "attrType": "float",
                                "attrValue": "24.5"
                            }
                        ]
                    }
                ],
                "id": "DHT001",
                "isPattern": false,
                "type": "thing"
            },
            "statusCode": {
                "code": "200",
                "reasonPhrase": "OK"
            }
        }
    ]
}
INFO:root:Getting historical data
DEBUG:root:Asking to http://10.7.49.164:8666/STH/v1/contextEntities/type/thing/id/DHT001/attributes/humidity?lastN=10
DEBUG:root:Headers:
DEBUG:root:{
    "X-Auth-Token": "NULL",
    "Fiware-Service": "stelaservice",
    "Fiware-ServicePath": "/stela",
    "Accept": "application/json"
}
DEBUG:requests.packages.urllib3.connectionpool:Starting new HTTP connection (1): 10.7.49.164
DEBUG:requests.packages.urllib3.connectionpool:http://10.7.49.164:8666 "GET /STH/v1/contextEntities/type/thing/id/DHT001/attributes/humidity?lastN=10 HTTP/1.1" 200 None
DEBUG:root:Status Code: 200
DEBUG:root:Response: 
DEBUG:root:{
    "contextResponses": [
        {
            "contextElement": {
                "attributes": [
                    {
                        "name": "humidity",
                        "values": [
                            {
                                "recvTime": "2017-08-28T02:53:06.905Z",
                                "attrType": "float",
                                "attrValue": " "
                            },
                            {
                                "recvTime": "2017-08-28T02:56:38.122Z",
                                "attrType": "float",
                                "attrValue": "57.8"
                            }
                        ]
                    }
                ],
                "id": "DHT001",
                "isPattern": false,
                "type": "thing"
            },
            "statusCode": {
                "code": "200",
                "reasonPhrase": "OK"
            }
        }
    ]
}
INFO:root:Sending observation
INFO:root:Transport protocol: UL-HTTP
DEBUG:root:Asking to http://10.7.49.163:7896/iot/d?k=3495337a8b9b11e7830060f81db4b630&i=STELA_DHT
DEBUG:root:Headers:
DEBUG:root:{
    "X-Auth-Token": "NULL",
    "Fiware-Service": "StelaService",
    "Fiware-ServicePath": "/stela",
    "Content-Type": "text/plain"
}
DEBUG:root:Sending payload:
DEBUG:root:t|24.5|h|57.8
DEBUG:requests.packages.urllib3.connectionpool:Starting new HTTP connection (1): 10.7.49.163
DEBUG:requests.packages.urllib3.connectionpool:http://10.7.49.163:7896 "POST /iot/d?k=3495337a8b9b11e7830060f81db4b630&i=STELA_DHT HTTP/1.1" 200 0
DEBUG:root:Status Code: 200
DEBUG:root:Response: 
DEBUG:root:{}
INFO:root:Getting historical data
DEBUG:root:Asking to http://10.7.49.164:8666/STH/v1/contextEntities/type/thing/id/DHT001/attributes/humidity?lastN=10
DEBUG:root:Headers:
DEBUG:root:{
    "X-Auth-Token": "NULL",
    "Fiware-Service": "stelaservice",
    "Fiware-ServicePath": "/stela",
    "Accept": "application/json"
}
DEBUG:requests.packages.urllib3.connectionpool:Starting new HTTP connection (1): 10.7.49.164
DEBUG:requests.packages.urllib3.connectionpool:http://10.7.49.164:8666 "GET /STH/v1/contextEntities/type/thing/id/DHT001/attributes/humidity?lastN=10 HTTP/1.1" 200 None
DEBUG:root:Status Code: 200
DEBUG:root:Response: 
DEBUG:root:{
    "contextResponses": [
        {
            "contextElement": {
                "attributes": [
                    {
                        "name": "humidity",
                        "values": [
                            {
                                "recvTime": "2017-08-28T02:53:06.905Z",
                                "attrType": "float",
                                "attrValue": " "
                            },
                            {
                                "recvTime": "2017-08-28T02:56:38.122Z",
                                "attrType": "float",
                                "attrValue": "57.8"
                            },
                            {
                                "recvTime": "2017-08-28T02:59:45.452Z",
                                "attrType": "float",
                                "attrValue": "57.8"
                            }
                        ]
                    }
                ],
                "id": "DHT001",
                "isPattern": false,
                "type": "thing"
            },
            "statusCode": {
                "code": "200",
                "reasonPhrase": "OK"
            }
        }
    ]
}
INFO:root:Sending observation
INFO:root:Transport protocol: UL-HTTP
DEBUG:root:Asking to http://10.7.49.163:7896/iot/d?k=3495337a8b9b11e7830060f81db4b630&i=STELA_DHT
DEBUG:root:Headers:
DEBUG:root:{
    "X-Auth-Token": "NULL",
    "Fiware-Service": "StelaService",
    "Fiware-ServicePath": "/stela",
    "Content-Type": "text/plain"
}
DEBUG:root:Sending payload:
DEBUG:root:t|25.2|h|58.9
DEBUG:requests.packages.urllib3.connectionpool:Starting new HTTP connection (1): 10.7.49.163
DEBUG:requests.packages.urllib3.connectionpool:http://10.7.49.163:7896 "POST /iot/d?k=3495337a8b9b11e7830060f81db4b630&i=STELA_DHT HTTP/1.1" 200 0
DEBUG:root:Status Code: 200
DEBUG:root:Response: 
DEBUG:root:{}
INFO:root:Getting historical data
DEBUG:root:Asking to http://10.7.49.164:8666/STH/v1/contextEntities/type/thing/id/DHT001/attributes/humidity?lastN=10
DEBUG:root:Headers:
DEBUG:root:{
    "X-Auth-Token": "NULL",
    "Fiware-Service": "stelaservice",
    "Fiware-ServicePath": "/stela",
    "Accept": "application/json"
}
DEBUG:requests.packages.urllib3.connectionpool:Starting new HTTP connection (1): 10.7.49.164
DEBUG:requests.packages.urllib3.connectionpool:http://10.7.49.164:8666 "GET /STH/v1/contextEntities/type/thing/id/DHT001/attributes/humidity?lastN=10 HTTP/1.1" 200 None
DEBUG:root:Status Code: 200
DEBUG:root:Response: 
DEBUG:root:{
    "contextResponses": [
        {
            "contextElement": {
                "attributes": [
                    {
                        "name": "humidity",
                        "values": [
                            {
                                "recvTime": "2017-08-28T02:53:06.905Z",
                                "attrType": "float",
                                "attrValue": " "
                            },
                            {
                                "recvTime": "2017-08-28T02:56:38.122Z",
                                "attrType": "float",
                                "attrValue": "57.8"
                            },
                            {
                                "recvTime": "2017-08-28T02:59:45.452Z",
                                "attrType": "float",
                                "attrValue": "57.8"
                            },
                            {
                                "recvTime": "2017-08-28T03:00:11.632Z",
                                "attrType": "float",
                                "attrValue": "58.9"
                            }
                        ]
                    }
                ],
                "id": "DHT001",
                "isPattern": false,
                "type": "thing"
            },
            "statusCode": {
                "code": "200",
                "reasonPhrase": "OK"
            }
        }
    ]
}
INFO:root:Getting historical data
DEBUG:root:Asking to http://10.7.49.164:8666/STH/v1/contextEntities/type/thing/id/DHT001/attributes/temperature?lastN=10
DEBUG:root:Headers:
DEBUG:root:{
    "X-Auth-Token": "NULL",
    "Fiware-Service": "stelaservice",
    "Fiware-ServicePath": "/stela",
    "Accept": "application/json"
}
DEBUG:requests.packages.urllib3.connectionpool:Starting new HTTP connection (1): 10.7.49.164
DEBUG:requests.packages.urllib3.connectionpool:http://10.7.49.164:8666 "GET /STH/v1/contextEntities/type/thing/id/DHT001/attributes/temperature?lastN=10 HTTP/1.1" 200 None
DEBUG:root:Status Code: 200
DEBUG:root:Response: 
DEBUG:root:{
    "contextResponses": [
        {
            "contextElement": {
                "attributes": [
                    {
                        "name": "temperature",
                        "values": [
                            {
                                "recvTime": "2017-08-28T02:56:38.122Z",
                                "attrType": "float",
                                "attrValue": "24.5"
                            },
                            {
                                "recvTime": "2017-08-28T02:59:45.452Z",
                                "attrType": "float",
                                "attrValue": "24.5"
                            },
                            {
                                "recvTime": "2017-08-28T03:00:11.632Z",
                                "attrType": "float",
                                "attrValue": "25.2"
                            }
                        ]
                    }
                ],
                "id": "DHT001",
                "isPattern": false,
                "type": "thing"
            },
            "statusCode": {
                "code": "200",
                "reasonPhrase": "OK"
            }
        }
    ]
}
INFO:root:Sending observation
INFO:root:Transport protocol: MQTT
INFO:root:Publishing to 10.7.49.163 on topic /3495337a8b9b11e7830060f81db4b630/STELA_DHT/attrs
INFO:root:Sending payload: 
INFO:root:t|24.5|h|57.8
INFO:root:Getting historical data
DEBUG:root:Asking to http://10.7.49.164:8666/STH/v1/contextEntities/type/thing/id/DHT001/attributes/temperature?lastN=10
DEBUG:root:Headers:
DEBUG:root:{
    "X-Auth-Token": "NULL",
    "Fiware-Service": "stelaservice",
    "Fiware-ServicePath": "/stela",
    "Accept": "application/json"
}
DEBUG:requests.packages.urllib3.connectionpool:Starting new HTTP connection (1): 10.7.49.164
DEBUG:requests.packages.urllib3.connectionpool:http://10.7.49.164:8666 "GET /STH/v1/contextEntities/type/thing/id/DHT001/attributes/temperature?lastN=10 HTTP/1.1" 200 None
DEBUG:root:Status Code: 200
DEBUG:root:Response: 
DEBUG:root:{
    "contextResponses": [
        {
            "contextElement": {
                "attributes": [
                    {
                        "name": "temperature",
                        "values": [
                            {
                                "recvTime": "2017-08-28T02:56:38.122Z",
                                "attrType": "float",
                                "attrValue": "24.5"
                            },
                            {
                                "recvTime": "2017-08-28T02:59:45.452Z",
                                "attrType": "float",
                                "attrValue": "24.5"
                            },
                            {
                                "recvTime": "2017-08-28T03:00:11.632Z",
                                "attrType": "float",
                                "attrValue": "25.2"
                            },
                            {
                                "recvTime": "2017-08-28T03:06:06.978Z",
                                "attrType": "float",
                                "attrValue": "24.5"
                            }
                        ]
                    }
                ],
                "id": "DHT001",
                "isPattern": false,
                "type": "thing"
            },
            "statusCode": {
                "code": "200",
                "reasonPhrase": "OK"
            }
        }
    ]
}
INFO:root:Sending observation
INFO:root:Transport protocol: MQTT
INFO:root:Publishing to 10.7.49.163 on topic /3495337a8b9b11e7830060f81db4b630/STELA_DHT/attrs
INFO:root:Sending payload: 
INFO:root:t|24.5|h|57.8
INFO:root:Sending observation
INFO:root:Transport protocol: MQTT
INFO:root:Publishing to 10.7.49.163 on topic /3495337a8b9b11e7830060f81db4b630/STELA_DHT/attrs
INFO:root:Sending payload: 
INFO:root:t|24.5|h|57.8
INFO:root:Sending observation
INFO:root:Transport protocol: MQTT
INFO:root:Publishing to 10.7.49.163 on topic /3495337a8b9b11e7830060f81db4b630/STELA_DHT/attrs
INFO:root:Sending payload: 
INFO:root:t|24.5|h|57.8
INFO:root:Sending observation
INFO:root:Transport protocol: MQTT
INFO:root:Publishing to 10.7.49.163 on topic /3495337a8b9b11e7830060f81db4b630/STELA_DHT/attrs
INFO:root:Sending payload: 
INFO:root:'t|24.5|h|57.8'
INFO:root:Sending observation
INFO:root:Transport protocol: MQTT
INFO:root:Publishing to 10.7.49.163 on topic /3495337a8b9b11e7830060f81db4b630/STELA_DHT/attrs
INFO:root:Sending payload: 
INFO:root:'t|24.5|h|57.8'
INFO:root:Sending observation
INFO:root:Transport protocol: MQTT
INFO:root:Publishing to 10.7.49.163 on topic /3495337a8b9b11e7830060f81db4b630/STELA_DHT/attrs
INFO:root:Sending payload: 
INFO:root:'t|24.5|h|57.8'
INFO:root:Sending observation
INFO:root:Transport protocol: MQTT
INFO:root:Publishing to 10.7.49.163 on topic /3495337a8b9b11e7830060f81db4b630/STELA_DHT/attrs
INFO:root:Sending payload: 
INFO:root:'t|24.5|h|57.8'
INFO:root:Sending observation
INFO:root:Transport protocol: MQTT
INFO:root:Publishing to 10.7.49.163 on topic /3495337a8b9b11e7830060f81db4b630/STELA_DHT/attrs
INFO:root:Sending payload: 
INFO:root:t|24.5|h|57.8
INFO:root:Sending observation
INFO:root:Transport protocol: MQTT
INFO:root:Publishing to 10.7.49.163 on topic /3495337a8b9b11e7830060f81db4b630/STELA_DHT/attrs
INFO:root:Sending payload: 
INFO:root:t|24.5|h|57.8
INFO:root:Sending observation
INFO:root:Transport protocol: MQTT
INFO:root:Publishing to 10.7.49.163 on topic /3495337a8b9b11e7830060f81db4b630/STELA_DHT/attrs
INFO:root:Sending payload: 
INFO:root:t|24.5|h|57.8
INFO:root:Sending observation
INFO:root:Transport protocol: MQTT
INFO:root:Publishing to 10.7.49.163 on topic /3495337a8b9b11e7830060f81db4b630/STELA_DHT/attrs
INFO:root:Sending payload: 
INFO:root:t|24.5|h|57.8
INFO:root:Sending observation
INFO:root:Transport protocol: MQTT
INFO:root:Publishing to 10.7.49.163 on topic /3495337a8b9b11e7830060f81db4b630/STELA_DHT/attrs
INFO:root:Sending payload: 
INFO:root:t|24.5|h|57.8
INFO:root:Sending observation
INFO:root:Transport protocol: MQTT
INFO:root:Publishing to 10.7.49.163 on topic /3495337a8b9b11e7830060f81db4b630/STELA_DHT/attrs
INFO:root:Sending payload: 
INFO:root:t|24.5|h|57.8
INFO:root:Listing devices
DEBUG:root:Asking to http://10.7.49.163:4041/iot/devices
DEBUG:root:Headers:
DEBUG:root:{
    "X-Auth-Token": "NULL",
    "Fiware-Service": "StelaService",
    "Fiware-ServicePath": "/stela",
    "Content-Type": "application/json"
}
DEBUG:urllib3.connectionpool:Starting new HTTP connection (1): 10.7.49.163
DEBUG:urllib3.connectionpool:http://10.7.49.163:4041 "GET /iot/devices HTTP/1.1" 200 24
DEBUG:root:Status Code: 200
DEBUG:root:Response: 
DEBUG:root:{
    "count": 0,
    "devices": []
}
INFO:root:Registering device
INFO:root:Opening file '../devices/LED.json'
DEBUG:root:Asking to http://10.7.49.163:4041/iot/devices?protocol=IoTA-UL
DEBUG:root:Headers:
DEBUG:root:{
    "X-Auth-Token": "NULL",
    "Fiware-Service": "StelaService",
    "Fiware-ServicePath": "/stela",
    "Content-Type": "application/json"
}
DEBUG:root:Sending payload:
DEBUG:root:{
    "devices": [
        {
            "device_id": "STELA_LED",
            "entity_name": "LED001",
            "entity_type": "thing",
            "timezone": "America/Fortaleza",
            "transport": "MQTT",
            "attributes": [
                {
                    "object_id": "s",
                    "name": "state",
                    "type": "int"
                }
            ],
            "commands": [
                {
                    "name": "change_state",
                    "type": "command",
                    "value": "STELA_LED@change_state|%s"
                }
            ],
            "static_attributes": [
                {
                    "name": "id",
                    "type": "string",
                    "value": "STELA_LED"
                }
            ]
        }
    ]
}
DEBUG:urllib3.connectionpool:Starting new HTTP connection (1): 10.7.49.163
DEBUG:urllib3.connectionpool:http://10.7.49.163:4041 "POST /iot/devices?protocol=IoTA-UL HTTP/1.1" 201 2
DEBUG:root:Status Code: 201
DEBUG:root:Response: 
DEBUG:root:{}
INFO:root:Registering device
INFO:root:Opening file '../devices/DHT.json'
DEBUG:root:Asking to http://10.7.49.163:4041/iot/devices?protocol=IoTA-UL
DEBUG:root:Headers:
DEBUG:root:{
    "X-Auth-Token": "NULL",
    "Fiware-Service": "StelaService",
    "Fiware-ServicePath": "/stela",
    "Content-Type": "application/json"
}
DEBUG:root:Sending payload:
DEBUG:root:{
    "devices": [
        {
            "device_id": "STELA_DHT",
            "entity_name": "DHT001",
            "entity_type": "thing",
            "timezone": "America/Fortaleza",
            "transport": "MQTT",
            "attributes": [
                {
                    "object_id": "h",
                    "name": "humidity",
                    "type": "float"
                },
                {
                    "object_id": "t",
                    "name": "temperature",
                    "type": "float"
                }
            ],
            "static_attributes": [
                {
                    "name": "id",
                    "type": "string",
                    "value": "STELA_DHT"
                }
            ]
        }
    ]
}
DEBUG:urllib3.connectionpool:Starting new HTTP connection (1): 10.7.49.163
DEBUG:urllib3.connectionpool:http://10.7.49.163:4041 "POST /iot/devices?protocol=IoTA-UL HTTP/1.1" 201 2
DEBUG:root:Status Code: 201
DEBUG:root:Response: 
DEBUG:root:{}
INFO:root:Sending observation
INFO:root:Transport protocol: MQTT
INFO:root:Publishing to 10.7.49.163 on topic /3495337a8b9b11e7830060f81db4b630/STELA_DHT/attrs
INFO:root:Sending payload: 
INFO:root:t|24.5|h|57.8
INFO:root:Listing devices
DEBUG:root:Asking to http://10.7.49.163:4041/iot/devices
DEBUG:root:Headers:
DEBUG:root:{
    "X-Auth-Token": "NULL",
    "Fiware-Service": "StelaService",
    "Fiware-ServicePath": "/stela",
    "Content-Type": "application/json"
}
DEBUG:urllib3.connectionpool:Starting new HTTP connection (1): 10.7.49.163
DEBUG:urllib3.connectionpool:http://10.7.49.163:4041 "GET /iot/devices HTTP/1.1" 200 741
DEBUG:root:Status Code: 200
DEBUG:root:Response: 
DEBUG:root:{
    "count": 2,
    "devices": [
        {
            "device_id": "STELA_LED",
            "service": "StelaService",
            "service_path": "/stela",
            "entity_name": "LED001",
            "entity_type": "thing",
            "transport": "MQTT",
            "attributes": [
                {
                    "object_id": "s",
                    "name": "state",
                    "type": "int"
                }
            ],
            "lazy": [],
            "commands": [
                {
                    "object_id": "change_state",
                    "name": "change_state",
                    "type": "command"
                }
            ],
            "static_attributes": [
                {
                    "value": "STELA_LED",
                    "type": "string",
                    "name": "id"
                }
            ]
        },
        {
            "device_id": "STELA_DHT",
            "service": "StelaService",
            "service_path": "/stela",
            "entity_name": "DHT001",
            "entity_type": "thing",
            "transport": "MQTT",
            "attributes": [
                {
                    "object_id": "h",
                    "name": "humidity",
                    "type": "float"
                },
                {
                    "object_id": "t",
                    "name": "temperature",
                    "type": "float"
                }
            ],
            "lazy": [],
            "commands": [],
            "static_attributes": [
                {
                    "value": "STELA_DHT",
                    "type": "string",
                    "name": "id"
                }
            ]
        }
    ]
}
INFO:root:Listing devices
DEBUG:root:Asking to http://10.7.49.163:4041/iot/devices
DEBUG:root:Headers:
DEBUG:root:{
    "X-Auth-Token": "NULL",
    "Fiware-Service": "StelaService",
    "Fiware-ServicePath": "/stela",
    "Content-Type": "application/json"
}
DEBUG:urllib3.connectionpool:Starting new HTTP connection (1): 10.7.49.163
DEBUG:urllib3.connectionpool:http://10.7.49.163:4041 "GET /iot/devices HTTP/1.1" 200 24
DEBUG:root:Status Code: 200
DEBUG:root:Response: 
DEBUG:root:{
    "count": 0,
    "devices": []
}
INFO:root:Sending observation
INFO:root:Transport protocol: MQTT
INFO:root:Publishing to 10.7.49.163 on topic /3495337a8b9b11e7830060f81db4b630/STELA_DHT/attrs
INFO:root:Sending payload: 
INFO:root:t|24.5|h|57.8
INFO:root:Sending observation
INFO:root:Transport protocol: MQTT
INFO:root:Publishing to 10.7.49.163 on topic /3495337a8b9b11e7830060f81db4b630/STELA_DHT/attrs
INFO:root:Sending payload: 
INFO:root:t|24.5|h|57.8
INFO:root:Sending observation
INFO:root:Transport protocol: MQTT
INFO:root:Publishing to 10.7.49.163 on topic /3495337a8b9b11e7830060f81db4b630/STELA_DHT/attrs
INFO:root:Sending payload: 
INFO:root:t|24.5|h|57.8
INFO:root:Sending observation
INFO:root:Transport protocol: MQTT
INFO:root:Publishing to 10.7.49.163 on topic /3495337a8b9b11e7830060f81db4b630/STELA_DHT/attrs
INFO:root:Sending payload: 
INFO:root:t|24.5|h|57.8
INFO:root:Sending observation
INFO:root:Transport protocol: MQTT
INFO:root:Publishing to 10.7.49.163 on topic /3495337a8b9b11e7830060f81db4b630/STELA_DHT/attrs
INFO:root:Sending payload: 
INFO:root:t|24.5|h|57.8
INFO:root:Sending observation
INFO:root:Transport protocol: MQTT
INFO:root:Publishing to 10.7.49.163 on topic /3495337a8b9b11e7830060f81db4b630/STELA_DHT/attrs
INFO:root:Sending payload: 
INFO:root:t|24.5|h|57.8
INFO:root:Sending observation
INFO:root:Transport protocol: MQTT
INFO:root:Publishing to 10.7.49.163 on topic /3495337a8b9b11e7830060f81db4b630/STELA_DHT/attrs
INFO:root:Sending payload: 
INFO:root:t|24.5|h|57.8
INFO:root:Sending observation
INFO:root:Transport protocol: MQTT
INFO:root:Publishing to 10.7.49.163 on topic /3495337a8b9b11e7830060f81db4b630/STELA_DHT/attrs
INFO:root:Sending payload: 
INFO:root:t|24.5|h|57.8
INFO:root:Message sent
